[12:22:18] [main/INFO]: Setting user: Player315
[12:22:19] [Client thread/INFO]: LWJGL Version: 2.9.1
[12:22:22] [Client thread/INFO]: Reloading ResourceManager: Default, FMLFileResourcePack:Forge Mod Loader, FMLFileResourcePack:Minecraft Forge, FMLFileResourcePack:MC Stuff
[12:22:23] [Sound Library Loader/INFO]: Sound engine started
[12:22:24] [Client thread/INFO]: Created: 512x256 textures/blocks-atlas
[12:22:24] [Client thread/INFO]: Created: 256x256 textures/items-atlas
[12:22:25] [Client thread/INFO]: Reloading ResourceManager: Default, FMLFileResourcePack:Forge Mod Loader, FMLFileResourcePack:Minecraft Forge, FMLFileResourcePack:MC Stuff
[12:22:25] [Client thread/INFO]: Created: 256x256 textures/items-atlas
[12:22:25] [Client thread/INFO]: Created: 512x256 textures/blocks-atlas
[12:22:26] [Sound Library Loader/INFO]: Sound engine started
[12:22:30] [Server thread/INFO]: Starting integrated minecraft server version 1.7.10
[12:22:30] [Server thread/INFO]: Generating keypair
[12:22:31] [Server thread/INFO]: Preparing start region for level 0
[12:22:31] [Server thread/INFO]: Changing view distance to 12, from 10
[12:22:32] [Server thread/INFO]: Player315[local:E:7db13f24] logged in with entity id 209 at (392.59757634984334, 64.0, 170.24945325849816)
[12:22:32] [Server thread/INFO]: Player315 joined the game
[12:22:37] [Server thread/INFO]: [Player315: Set own game mode to Survival Mode]
[12:22:37] [Client thread/INFO]: [CHAT] Your game mode has been updated
[12:22:43] [Server thread/INFO]: Player315 has just earned the achievement [Taking Inventory]
[12:22:43] [Client thread/INFO]: [CHAT] Player315 has just earned the achievement [Taking Inventory]
[12:24:19] [Server thread/INFO]: Saving and pausing game...
[12:24:19] [Server thread/INFO]: Saving chunks for level 'New World2'/Overworld
[12:24:19] [Server thread/INFO]: Saving chunks for level 'New World2'/Nether
[12:24:19] [Server thread/INFO]: Saving chunks for level 'New World2'/The End
[12:24:27] [Client thread/INFO]: Stopping!
[12:24:27] [Server thread/INFO]: Stopping server
[12:24:27] [Server thread/INFO]: Saving players
[12:24:27] [Server thread/INFO]: Saving worlds
[12:24:27] [Server thread/INFO]: Saving chunks for level 'New World2'/Overworld
[12:24:27] [Server thread/INFO]: Saving chunks for level 'New World2'/Nether
[12:24:27] [Server thread/INFO]: Saving chunks for level 'New World2'/The End
